<?xml version="1.0" encoding="UTF-8"?>
<testsuite name="Como usuario registrado" tests="1" skipped="0" failures="0" errors="0" timestamp="2021-09-19T22:44:21" hostname="DESKTOP-BTSQLR3" time="82.903">
  <properties/>
  <testcase name="Llenar carrito de compras" classname="Como usuario registrado" time="82.903"/>
  <system-out><![CDATA[]]></system-out>
  <system-err><![CDATA[sept. 19, 2021 5:44:24 P. M. org.openqa.selenium.remote.DesiredCapabilities chrome
INFORMACIÓN: Using `new ChromeOptions()` is preferred to `DesiredCapabilities.chrome()`
[Test worker] INFO net.serenitybdd.core.webdriver.driverproviders.ProvideNewDriver - Instantiating driver
[Test worker] INFO net.serenitybdd.core.webdriver.driverproviders.ProvideNewDriver - Driver capabilities: Capabilities {acceptInsecureCerts: false, browserName: chrome, goog:chromeOptions: {args: [], extensions: []}, loggingPrefs: org.openqa.selenium.logging..., platform: ANY, version: }
Starting ChromeDriver 93.0.4577.63 (ff5c0da2ec0adeaed5550e6c7e98417dac77d98a-refs/branch-heads/4577@{#1135}) on port 24624
Only local connections are allowed.
Please see https://chromedriver.chromium.org/security-considerations for suggestions on keeping ChromeDriver safe.
ChromeDriver was started successfully.
sept. 19, 2021 5:44:28 P. M. org.openqa.selenium.remote.ProtocolHandshake createSession
INFORMACIÓN: Detected dialect: W3C
[1632091484.062][SEVERE]: Timed out receiving message from renderer: 10.000
[1632091484.063][WARNING]: screenshot failed, retrying timeout: Timed out receiving message from renderer: 10.000
[1632091509.719][SEVERE]: Timed out receiving message from renderer: 10.000
[1632091509.720][WARNING]: screenshot failed, retrying timeout: Timed out receiving message from renderer: 10.000
[Test worker] INFO net.thucydides.core.steps.ConsoleLoggingListener - 
        __    _____ _____ ____ _____   ____   _    ____  ____  _____ ____  
  _     \ \  |_   _| ____/ ___|_   _| |  _ \ / \  / ___|/ ___|| ____|  _ \ 
 (_)_____| |   | | |  _| \___ \ | |   | |_) / _ \ \___ \\___ \|  _| | | | |
  _|_____| |   | | | |___ ___) || |   |  __/ ___ \ ___) |___) | |___| |_| |
 (_)     | |   |_| |_____|____/ |_|   |_| /_/   \_\____/|____/|_____|____/ 
        /_/                                                                

TEST PASSED: Llenar carrito de compras
----------------------------------------------------------------------------
]]></system-err>
</testsuite>
